<?xml version="1.0" encoding="UTF-8"?>
<!-- Generated by org.testng.reporters.JUnitReportReporter -->
<testsuite skipped="0" hostname="PC-May2015" name="com.zsquared.apitesting.SumValidation" tests="1" failures="0" timestamp="2021-05-10T16:49:31 CDT" time="6.351" errors="0">
  <testcase name="sumOfCourses" time="6.351" classname="com.zsquared.apitesting.SumValidation"/>
  <system-out/>
</testsuite> <!-- com.zsquared.apitesting.SumValidation -->
