<?xml version="1.0" encoding="UTF-8"?>
<!-- Generated by org.testng.reporters.JUnitReportReporter -->
<testsuite skipped="0" hostname="PC-May2015" name="com.zsquared.apitesting.files.DynamicJson" tests="6" failures="0" timestamp="2021-05-20T10:38:51 CDT" time="11.980" errors="0">
  <testcase name="addBook" time="1.382" classname="com.zsquared.apitesting.files.DynamicJson"/>
  <system-out/>
  <testcase name="addBook" time="5.190" classname="com.zsquared.apitesting.files.DynamicJson"/>
  <system-out/>
  <testcase name="addBook" time="1.401" classname="com.zsquared.apitesting.files.DynamicJson"/>
  <system-out/>
  <testcase name="deleteBook" time="1.326" classname="com.zsquared.apitesting.files.DynamicJson"/>
  <system-out/>
  <testcase name="deleteBook" time="1.345" classname="com.zsquared.apitesting.files.DynamicJson"/>
  <system-out/>
  <testcase name="deleteBook" time="1.336" classname="com.zsquared.apitesting.files.DynamicJson"/>
  <system-out/>
</testsuite> <!-- com.zsquared.apitesting.files.DynamicJson -->
