<?xml version="1.0" encoding="UTF-8"?>
<!-- Generated by org.testng.reporters.JUnitReportReporter -->
<testsuite skipped="0" hostname="PC-May2015" name="com.zsquared.apitesting.files.DynamicJson" tests="1" failures="0" timestamp="2021-05-19T18:02:05 CDT" time="8.390" errors="0">
  <testcase name="addBook" time="8.390" classname="com.zsquared.apitesting.files.DynamicJson"/>
  <system-out/>
</testsuite> <!-- com.zsquared.apitesting.files.DynamicJson -->
